<?xml version="1.0" encoding="UTF-8"?>
<!-- Generated by org.testng.reporters.JUnitXMLReporter -->
<testsuite ignored="0" hostname="ASHISH_CAPS" failures="1" tests="1" name="Test" time="14.538" errors="0" timestamp="2024-02-18T22:36:52 IST">
  <testcase classname="testCases.TC_001_MyAccountLoginTest" name="test_account_Login" time="3.023">
    <failure type="java.lang.AssertionError" message="null">
      <![CDATA[java.lang.AssertionError: null
at testCases.TC_001_MyAccountLoginTest.test_account_Login(TC_001_MyAccountLoginTest.java:37)
at java.base/java.util.ArrayList.forEach(ArrayList.java:1511)
... Removed 27 stack frames]]>
    </failure>
  </testcase> <!-- test_account_Login -->
</testsuite> <!-- Test -->
